[handleMsg]:  {
  key: {
    remoteJid: '5493813990947@s.whatsapp.net',
    fromMe: false,
    id: '3EB0C062A0A77A9A529B',
    participant: undefined
  },
  messageTimestamp: 1677525308,
  pushName: 'Dani Dip',
  message: Message {
    conversation: 'hola',
    messageContextInfo: MessageContextInfo {
      deviceListMetadata: [DeviceListMetadata],
      deviceListMetadataVersion: 2
    }
  },
  body: 'hola',
  from: '5493813990947'
}
[handleMsg]:  {
  key: {
    remoteJid: '5493813990947@s.whatsapp.net',
    fromMe: false,
    id: '3EB0DE1FE28E1A1AFC96',
    participant: undefined
  },
  messageTimestamp: 1677525312,
  pushName: 'Dani Dip',
  message: Message {
    conversation: 'hola',
    messageContextInfo: MessageContextInfo {
      deviceListMetadata: [DeviceListMetadata],
      deviceListMetadataVersion: 2
    }
  },
  body: 'hola',
  from: '5493813990947'
}
[handleMsg]:  {
  key: {
    remoteJid: '5493813990947@s.whatsapp.net',
    fromMe: false,
    id: '3EB0D570F45A4ED907FD',
    participant: undefined
  },
  messageTimestamp: 1677525333,
  pushName: 'Dani Dip',
  message: Message {
    conversation: 'Oferta',
    messageContextInfo: MessageContextInfo {
      deviceListMetadata: [DeviceListMetadata],
      deviceListMetadataVersion: 2
    }
  },
  body: 'Oferta',
  from: '5493813990947'
}
[handleMsg]:  {
  key: {
    remoteJid: '5493813990947@s.whatsapp.net',
    fromMe: false,
    id: '3EB034BD72A884696C89',
    participant: undefined
  },
  messageTimestamp: 1677525336,
  pushName: 'Dani Dip',
  message: Message {
    messageContextInfo: MessageContextInfo {
      deviceListMetadata: [DeviceListMetadata],
      deviceListMetadataVersion: 2
    },
    buttonsResponseMessage: ButtonsResponseMessage {
      selectedButtonId: 'id-btn-1',
      selectedDisplayText: '8 medallones vacunos',
      contextInfo: [ContextInfo],
      type: 1
    }
  },
  body: '8 medallones vacunos',
  from: '5493813990947'
}
[handleMsg]:  {
  key: {
    remoteJid: '5493813990947@s.whatsapp.net',
    fromMe: false,
    id: '3EB0A651AFC4E8DACEA3',
    participant: undefined
  },
  messageTimestamp: 1677525339,
  pushName: 'Dani Dip',
  message: Message {
    conversation: '2',
    messageContextInfo: MessageContextInfo {
      deviceListMetadata: [DeviceListMetadata],
      deviceListMetadataVersion: 2
    }
  },
  body: '2',
  from: '5493813990947'
}
[handleMsg]:  {
  key: {
    remoteJid: '5493813990947@s.whatsapp.net',
    fromMe: false,
    id: '3EB0DCC0547C4956DA73',
    participant: undefined
  },
  messageTimestamp: 1677525351,
  pushName: 'Dani Dip',
  message: Message {
    conversation: 'continuar',
    messageContextInfo: MessageContextInfo {
      deviceListMetadata: [DeviceListMetadata],
      deviceListMetadataVersion: 2
    }
  },
  body: 'continuar',
  from: '5493813990947'
}
[handleMsg]:  {
  key: {
    remoteJid: '5493813990947@s.whatsapp.net',
    fromMe: false,
    id: '3EB07E01A118B6934B50',
    participant: undefined
  },
  messageTimestamp: 1677525355,
  pushName: 'Dani Dip',
  message: Message {
    conversation: 'listado',
    messageContextInfo: MessageContextInfo {
      deviceListMetadata: [DeviceListMetadata],
      deviceListMetadataVersion: 2
    }
  },
  body: 'listado',
  from: '5493813990947'
}
[handleMsg]:  {
  key: {
    remoteJid: '5493813990947@s.whatsapp.net',
    fromMe: false,
    id: '3EB004089BC5311B076D',
    participant: undefined
  },
  messageTimestamp: 1677525363,
  pushName: 'Dani Dip',
  message: Message {
    conversation: 'vaca',
    messageContextInfo: MessageContextInfo {
      deviceListMetadata: [DeviceListMetadata],
      deviceListMetadataVersion: 2
    }
  },
  body: 'vaca',
  from: '5493813990947'
}
[handleMsg]:  {
  key: {
    remoteJid: '5493813990947@s.whatsapp.net',
    fromMe: false,
    id: '3EB0C1B4A63B29C33485',
    participant: undefined
  },
  messageTimestamp: 1677525370,
  pushName: 'Dani Dip',
  message: Message {
    conversation: 'bife',
    messageContextInfo: MessageContextInfo {
      deviceListMetadata: [DeviceListMetadata],
      deviceListMetadataVersion: 2
    }
  },
  body: 'bife',
  from: '5493813990947'
}
[handleMsg]:  {
  key: {
    remoteJid: '5493813990947@s.whatsapp.net',
    fromMe: false,
    id: '3EB0C98EF3D191C41C36',
    participant: undefined
  },
  messageTimestamp: 1677525377,
  pushName: 'Dani Dip',
  message: Message {
    conversation: '2.5',
    messageContextInfo: MessageContextInfo {
      deviceListMetadata: [DeviceListMetadata],
      deviceListMetadataVersion: 2
    }
  },
  body: '2.5',
  from: '5493813990947'
}
[handleMsg]:  {
  key: {
    remoteJid: '5493813990947@s.whatsapp.net',
    fromMe: false,
    id: '3EB0870FE804260F6E1D',
    participant: undefined
  },
  messageTimestamp: 1677525392,
  pushName: 'Dani Dip',
  message: Message {
    conversation: 'continuar',
    messageContextInfo: MessageContextInfo {
      deviceListMetadata: [DeviceListMetadata],
      deviceListMetadataVersion: 2
    }
  },
  body: 'continuar',
  from: '5493813990947'
}
[handleMsg]:  {
  key: {
    remoteJid: '5493813990947@s.whatsapp.net',
    fromMe: false,
    id: '3EB042037D23B4F2209C',
    participant: undefined
  },
  messageTimestamp: 1677525394,
  pushName: 'Dani Dip',
  message: Message {
    messageContextInfo: MessageContextInfo {
      deviceListMetadata: [DeviceListMetadata],
      deviceListMetadataVersion: 2
    },
    buttonsResponseMessage: ButtonsResponseMessage {
      selectedButtonId: 'id-btn-0',
      selectedDisplayText: 'preguntar otra cosa',
      contextInfo: [ContextInfo],
      type: 1
    }
  },
  body: 'preguntar otra cosa',
  from: '5493813990947'
}
[handleMsg]:  {
  key: {
    remoteJid: '5493813990947@s.whatsapp.net',
    fromMe: false,
    id: '3EB0D6FA9954BFA0FC1F',
    participant: undefined
  },
  messageTimestamp: 1677525407,
  pushName: 'Dani Dip',
  message: Message {
    conversation: 'precio de la bondiola',
    messageContextInfo: MessageContextInfo {
      deviceListMetadata: [DeviceListMetadata],
      deviceListMetadataVersion: 2
    }
  },
  body: 'precio de la bondiola',
  from: '5493813990947'
}
[handleMsg]:  {
  key: {
    remoteJid: '5493813990947@s.whatsapp.net',
    fromMe: false,
    id: '3EB0B99AD38FA61A0140',
    participant: undefined
  },
  messageTimestamp: 1677525426,
  pushName: 'Dani Dip',
  message: Message {
    messageContextInfo: MessageContextInfo {
      deviceListMetadata: [DeviceListMetadata],
      deviceListMetadataVersion: 2
    },
    buttonsResponseMessage: ButtonsResponseMessage {
      selectedButtonId: 'id-btn-2',
      selectedDisplayText: 'ir a pagar',
      contextInfo: [ContextInfo],
      type: 1
    }
  },
  body: 'ir a pagar',
  from: '5493813990947'
}
[handleMsg]:  {
  key: {
    remoteJid: '5493813990947@s.whatsapp.net',
    fromMe: false,
    id: '3EB02AB0A2BFAA7EA22B',
    participant: undefined
  },
  messageTimestamp: 1677525432,
  pushName: 'Dani Dip',
  message: Message {
    messageContextInfo: MessageContextInfo {
      deviceListMetadata: [DeviceListMetadata],
      deviceListMetadataVersion: 2
    },
    buttonsResponseMessage: ButtonsResponseMessage {
      selectedButtonId: 'id-btn-1',
      selectedDisplayText: 'online',
      contextInfo: [ContextInfo],
      type: 1
    }
  },
  body: 'online',
  from: '5493813990947'
}
